{"D:\\Freelance\\chat-app\\frontOffice\\vite-project\\src\\test-utils.tsx": {"path":"D:\\Freelance\\chat-app\\frontOffice\\vite-project\\src\\test-utils.tsx","statementMap":{"0":{"start":{"line":5,"column":24},"end":{"line":11,"column":1}},"1":{"start":{"line":6,"column":2},"end":{"line":10,"column":4}},"2":{"start":{"line":13,"column":22},"end":{"line":16,"column":57}},"3":{"start":{"line":16,"column":5},"end":{"line":16,"column":57}}},"fnMap":{"0":{"name":"(anonymous_0)","decl":{"start":{"line":5,"column":24},"end":{"line":5,"column":25}},"loc":{"start":{"line":5,"column":73},"end":{"line":11,"column":1}},"line":5},"1":{"name":"(anonymous_1)","decl":{"start":{"line":13,"column":22},"end":{"line":13,"column":23}},"loc":{"start":{"line":16,"column":5},"end":{"line":16,"column":57}},"line":16}},"branchMap":{},"s":{"0":1,"1":1,"2":1,"3":1},"f":{"0":1,"1":1},"b":{},"_coverageSchema":"1a1c01bbd47fc00a2c39e90264f33305004495a9","hash":"275a3c9cb0d1f7040f56c78b76994fafebac35f9"}
,"D:\\Freelance\\chat-app\\frontOffice\\vite-project\\src\\components\\form\\button.tsx": {"path":"D:\\Freelance\\chat-app\\frontOffice\\vite-project\\src\\components\\form\\button.tsx","statementMap":{"0":{"start":{"line":10,"column":41},"end":{"line":38,"column":1}},"1":{"start":{"line":18,"column":2},"end":{"line":28,"column":3}},"2":{"start":{"line":20,"column":6},"end":{"line":20,"column":37}},"3":{"start":{"line":21,"column":6},"end":{"line":21,"column":12}},"4":{"start":{"line":23,"column":6},"end":{"line":23,"column":34}},"5":{"start":{"line":24,"column":6},"end":{"line":24,"column":12}},"6":{"start":{"line":26,"column":6},"end":{"line":26,"column":37}},"7":{"start":{"line":27,"column":6},"end":{"line":27,"column":12}},"8":{"start":{"line":30,"column":2},"end":{"line":37,"column":4}}},"fnMap":{"0":{"name":"(anonymous_0)","decl":{"start":{"line":10,"column":41},"end":{"line":10,"column":42}},"loc":{"start":{"line":15,"column":6},"end":{"line":38,"column":1}},"line":15}},"branchMap":{"0":{"loc":{"start":{"line":12,"column":2},"end":{"line":12,"column":16}},"type":"default-arg","locations":[{"start":{"line":12,"column":14},"end":{"line":12,"column":16}}],"line":12},"1":{"loc":{"start":{"line":18,"column":2},"end":{"line":28,"column":3}},"type":"switch","locations":[{"start":{"line":19,"column":4},"end":{"line":21,"column":12}},{"start":{"line":22,"column":4},"end":{"line":24,"column":12}},{"start":{"line":25,"column":4},"end":{"line":27,"column":12}}],"line":18}},"s":{"0":1,"1":1,"2":0,"3":0,"4":1,"5":1,"6":0,"7":0,"8":1},"f":{"0":1},"b":{"0":[0],"1":[0,1,0]},"_coverageSchema":"1a1c01bbd47fc00a2c39e90264f33305004495a9","hash":"0fbcbef6857f21eaca6ff96c76010d16315014f1"}
,"D:\\Freelance\\chat-app\\frontOffice\\vite-project\\src\\components\\form\\form-title.tsx": {"path":"D:\\Freelance\\chat-app\\frontOffice\\vite-project\\src\\components\\form\\form-title.tsx","statementMap":{"0":{"start":{"line":7,"column":44},"end":{"line":9,"column":1}},"1":{"start":{"line":8,"column":2},"end":{"line":8,"column":63}}},"fnMap":{"0":{"name":"(anonymous_0)","decl":{"start":{"line":7,"column":44},"end":{"line":7,"column":45}},"loc":{"start":{"line":7,"column":62},"end":{"line":9,"column":1}},"line":7}},"branchMap":{},"s":{"0":1,"1":1},"f":{"0":1},"b":{},"_coverageSchema":"1a1c01bbd47fc00a2c39e90264f33305004495a9","hash":"c5ba3401566e0bd72f429b4de8eda10a168d8720"}
,"D:\\Freelance\\chat-app\\frontOffice\\vite-project\\src\\components\\form\\input-field.tsx": {"path":"D:\\Freelance\\chat-app\\frontOffice\\vite-project\\src\\components\\form\\input-field.tsx","statementMap":{"0":{"start":{"line":4,"column":55},"end":{"line":50,"column":1}},"1":{"start":{"line":16,"column":2},"end":{"line":25,"column":3}},"2":{"start":{"line":18,"column":6},"end":{"line":18,"column":39}},"3":{"start":{"line":19,"column":6},"end":{"line":19,"column":12}},"4":{"start":{"line":21,"column":6},"end":{"line":21,"column":37}},"5":{"start":{"line":22,"column":6},"end":{"line":22,"column":12}},"6":{"start":{"line":24,"column":6},"end":{"line":24,"column":37}},"7":{"start":{"line":27,"column":2},"end":{"line":49,"column":4}},"8":{"start":{"line":41,"column":27},"end":{"line":41,"column":38}}},"fnMap":{"0":{"name":"(anonymous_0)","decl":{"start":{"line":4,"column":55},"end":{"line":4,"column":56}},"loc":{"start":{"line":13,"column":6},"end":{"line":50,"column":1}},"line":13},"1":{"name":"(anonymous_1)","decl":{"start":{"line":41,"column":20},"end":{"line":41,"column":21}},"loc":{"start":{"line":41,"column":27},"end":{"line":41,"column":38}},"line":41}},"branchMap":{"0":{"loc":{"start":{"line":16,"column":2},"end":{"line":25,"column":3}},"type":"switch","locations":[{"start":{"line":17,"column":4},"end":{"line":19,"column":12}},{"start":{"line":20,"column":4},"end":{"line":22,"column":12}},{"start":{"line":23,"column":4},"end":{"line":24,"column":37}}],"line":16}},"s":{"0":1,"1":2,"2":0,"3":0,"4":2,"5":2,"6":0,"7":2,"8":0},"f":{"0":2,"1":0},"b":{"0":[0,2,0]},"_coverageSchema":"1a1c01bbd47fc00a2c39e90264f33305004495a9","hash":"c4850fb3a45455ab3786a564de8898b91cce07e9"}
,"D:\\Freelance\\chat-app\\frontOffice\\vite-project\\src\\components\\login\\login-aside.tsx": {"path":"D:\\Freelance\\chat-app\\frontOffice\\vite-project\\src\\components\\login\\login-aside.tsx","statementMap":{"0":{"start":{"line":3,"column":38},"end":{"line":23,"column":1}},"1":{"start":{"line":4,"column":2},"end":{"line":22,"column":4}}},"fnMap":{"0":{"name":"(anonymous_0)","decl":{"start":{"line":3,"column":38},"end":{"line":3,"column":39}},"loc":{"start":{"line":3,"column":44},"end":{"line":23,"column":1}},"line":3}},"branchMap":{},"s":{"0":1,"1":1},"f":{"0":1},"b":{},"_coverageSchema":"1a1c01bbd47fc00a2c39e90264f33305004495a9","hash":"419ce0b3e735bcd14a2095c107960dbb339e8c26"}
,"D:\\Freelance\\chat-app\\frontOffice\\vite-project\\src\\components\\login\\login-form.tsx": {"path":"D:\\Freelance\\chat-app\\frontOffice\\vite-project\\src\\components\\login\\login-form.tsx","statementMap":{"0":{"start":{"line":7,"column":37},"end":{"line":47,"column":1}},"1":{"start":{"line":8,"column":2},"end":{"line":46,"column":4}}},"fnMap":{"0":{"name":"(anonymous_0)","decl":{"start":{"line":7,"column":37},"end":{"line":7,"column":38}},"loc":{"start":{"line":7,"column":43},"end":{"line":47,"column":1}},"line":7},"1":{"name":"(anonymous_1)","decl":{"start":{"line":19,"column":18},"end":{"line":19,"column":19}},"loc":{"start":{"line":19,"column":24},"end":{"line":19,"column":26}},"line":19},"2":{"name":"(anonymous_2)","decl":{"start":{"line":31,"column":18},"end":{"line":31,"column":19}},"loc":{"start":{"line":31,"column":24},"end":{"line":31,"column":26}},"line":31}},"branchMap":{},"s":{"0":1,"1":1},"f":{"0":1,"1":0,"2":0},"b":{},"_coverageSchema":"1a1c01bbd47fc00a2c39e90264f33305004495a9","hash":"cc10456cab26c25722c206a4a31ddc70e9ff4ac4"}
,"D:\\Freelance\\chat-app\\frontOffice\\vite-project\\src\\pages\\login\\login.tsx": {"path":"D:\\Freelance\\chat-app\\frontOffice\\vite-project\\src\\pages\\login\\login.tsx","statementMap":{"0":{"start":{"line":5,"column":33},"end":{"line":12,"column":1}},"1":{"start":{"line":6,"column":2},"end":{"line":11,"column":4}}},"fnMap":{"0":{"name":"(anonymous_0)","decl":{"start":{"line":5,"column":33},"end":{"line":5,"column":34}},"loc":{"start":{"line":5,"column":39},"end":{"line":12,"column":1}},"line":5}},"branchMap":{},"s":{"0":1,"1":1},"f":{"0":1},"b":{},"_coverageSchema":"1a1c01bbd47fc00a2c39e90264f33305004495a9","hash":"4afd3d140cd128a0e7929a06ba0bdc88ddfdb005"}
}
