TN:
SF:src\test-utils.tsx
FN:5,(anonymous_0)
FN:13,(anonymous_1)
FNF:2
FNH:2
FNDA:1,(anonymous_0)
FNDA:1,(anonymous_1)
DA:5,1
DA:6,1
DA:13,1
DA:16,1
LF:4
LH:4
BRF:0
BRH:0
end_of_record
TN:
SF:src\components\form\button.tsx
FN:10,(anonymous_0)
FNF:1
FNH:1
FNDA:1,(anonymous_0)
DA:10,1
DA:18,1
DA:20,0
DA:21,0
DA:23,1
DA:24,1
DA:26,0
DA:27,0
DA:30,1
LF:9
LH:5
BRDA:12,0,0,0
BRDA:18,1,0,0
BRDA:18,1,1,1
BRDA:18,1,2,0
BRF:4
BRH:1
end_of_record
TN:
SF:src\components\form\form-title.tsx
FN:7,(anonymous_0)
FNF:1
FNH:1
FNDA:1,(anonymous_0)
DA:7,1
DA:8,1
LF:2
LH:2
BRF:0
BRH:0
end_of_record
TN:
SF:src\components\form\input-field.tsx
FN:4,(anonymous_0)
FN:41,(anonymous_1)
FNF:2
FNH:1
FNDA:2,(anonymous_0)
FNDA:0,(anonymous_1)
DA:4,1
DA:16,2
DA:18,0
DA:19,0
DA:21,2
DA:22,2
DA:24,0
DA:27,2
DA:41,0
LF:9
LH:5
BRDA:16,0,0,0
BRDA:16,0,1,2
BRDA:16,0,2,0
BRF:3
BRH:1
end_of_record
TN:
SF:src\components\login\login-aside.tsx
FN:3,(anonymous_0)
FNF:1
FNH:1
FNDA:1,(anonymous_0)
DA:3,1
DA:4,1
LF:2
LH:2
BRF:0
BRH:0
end_of_record
TN:
SF:src\components\login\login-form.tsx
FN:7,(anonymous_0)
FN:19,(anonymous_1)
FN:31,(anonymous_2)
FNF:3
FNH:1
FNDA:1,(anonymous_0)
FNDA:0,(anonymous_1)
FNDA:0,(anonymous_2)
DA:7,1
DA:8,1
LF:2
LH:2
BRF:0
BRH:0
end_of_record
TN:
SF:src\pages\login\login.tsx
FN:5,(anonymous_0)
FNF:1
FNH:1
FNDA:1,(anonymous_0)
DA:5,1
DA:6,1
LF:2
LH:2
BRF:0
BRH:0
end_of_record
